<?xml version="1.0" encoding="UTF-8"?>
<testsuite xmlns:xsi="http://www.w3.org/2001/XMLSchema-instance" xsi:noNamespaceSchemaLocation="https://maven.apache.org/surefire/maven-surefire-plugin/xsd/surefire-test-report.xsd" name="TestSuite" time="15.97" tests="1" errors="0" skipped="0" failures="0">
  <properties>
    <property name="sun.desktop" value="windows"/>
    <property name="awt.toolkit" value="sun.awt.windows.WToolkit"/>
    <property name="java.specification.version" value="11"/>
    <property name="sun.cpu.isalist" value="amd64"/>
    <property name="sun.jnu.encoding" value="Cp1252"/>
    <property name="java.class.path" value="C:\Users\PriyaGandhi\Desktop\DemoInfostride\target\test-classes;C:\Users\PriyaGandhi\Desktop\DemoInfostride\target\classes;C:\Users\PriyaGandhi\.m2\repository\junit\junit\4.11\junit-4.11.jar;C:\Users\PriyaGandhi\.m2\repository\org\hamcrest\hamcrest-core\1.3\hamcrest-core-1.3.jar;C:\Users\PriyaGandhi\.m2\repository\com\aventstack\extentreports\5.0.5\extentreports-5.0.5.jar;C:\Users\PriyaGandhi\.m2\repository\io\reactivex\rxjava3\rxjava\3.0.4\rxjava-3.0.4.jar;C:\Users\PriyaGandhi\.m2\repository\org\reactivestreams\reactive-streams\1.0.3\reactive-streams-1.0.3.jar;C:\Users\PriyaGandhi\.m2\repository\org\freemarker\freemarker\2.3.30\freemarker-2.3.30.jar;C:\Users\PriyaGandhi\.m2\repository\org\projectlombok\lombok\1.18.12\lombok-1.18.12.jar;C:\Users\PriyaGandhi\.m2\repository\com\google\code\gson\gson\2.8.6\gson-2.8.6.jar;C:\Users\PriyaGandhi\.m2\repository\org\testng\testng\7.4.0\testng-7.4.0.jar;C:\Users\PriyaGandhi\.m2\repository\com\beust\jcommander\1.78\jcommander-1.78.jar;C:\Users\PriyaGandhi\.m2\repository\org\webjars\jquery\3.5.1\jquery-3.5.1.jar;C:\Users\PriyaGandhi\.m2\repository\org\seleniumhq\selenium\selenium-java\3.141.59\selenium-java-3.141.59.jar;C:\Users\PriyaGandhi\.m2\repository\org\seleniumhq\selenium\selenium-api\3.141.59\selenium-api-3.141.59.jar;C:\Users\PriyaGandhi\.m2\repository\org\seleniumhq\selenium\selenium-chrome-driver\3.141.59\selenium-chrome-driver-3.141.59.jar;C:\Users\PriyaGandhi\.m2\repository\org\seleniumhq\selenium\selenium-edge-driver\3.141.59\selenium-edge-driver-3.141.59.jar;C:\Users\PriyaGandhi\.m2\repository\org\seleniumhq\selenium\selenium-firefox-driver\3.141.59\selenium-firefox-driver-3.141.59.jar;C:\Users\PriyaGandhi\.m2\repository\org\seleniumhq\selenium\selenium-ie-driver\3.141.59\selenium-ie-driver-3.141.59.jar;C:\Users\PriyaGandhi\.m2\repository\org\seleniumhq\selenium\selenium-opera-driver\3.141.59\selenium-opera-driver-3.141.59.jar;C:\Users\PriyaGandhi\.m2\repository\org\seleniumhq\selenium\selenium-safari-driver\3.141.59\selenium-safari-driver-3.141.59.jar;C:\Users\PriyaGandhi\.m2\repository\org\seleniumhq\selenium\selenium-support\3.141.59\selenium-support-3.141.59.jar;C:\Users\PriyaGandhi\.m2\repository\net\bytebuddy\byte-buddy\1.8.15\byte-buddy-1.8.15.jar;C:\Users\PriyaGandhi\.m2\repository\org\apache\commons\commons-exec\1.3\commons-exec-1.3.jar;C:\Users\PriyaGandhi\.m2\repository\com\google\guava\guava\25.0-jre\guava-25.0-jre.jar;C:\Users\PriyaGandhi\.m2\repository\com\google\code\findbugs\jsr305\1.3.9\jsr305-1.3.9.jar;C:\Users\PriyaGandhi\.m2\repository\org\checkerframework\checker-compat-qual\2.0.0\checker-compat-qual-2.0.0.jar;C:\Users\PriyaGandhi\.m2\repository\com\google\errorprone\error_prone_annotations\2.1.3\error_prone_annotations-2.1.3.jar;C:\Users\PriyaGandhi\.m2\repository\com\google\j2objc\j2objc-annotations\1.1\j2objc-annotations-1.1.jar;C:\Users\PriyaGandhi\.m2\repository\org\codehaus\mojo\animal-sniffer-annotations\1.14\animal-sniffer-annotations-1.14.jar;C:\Users\PriyaGandhi\.m2\repository\com\squareup\okhttp3\okhttp\3.11.0\okhttp-3.11.0.jar;C:\Users\PriyaGandhi\.m2\repository\com\squareup\okio\okio\1.14.0\okio-1.14.0.jar;C:\Users\PriyaGandhi\.m2\repository\org\apache\poi\poi\4.1.1\poi-4.1.1.jar;C:\Users\PriyaGandhi\.m2\repository\commons-codec\commons-codec\1.13\commons-codec-1.13.jar;C:\Users\PriyaGandhi\.m2\repository\org\apache\commons\commons-collections4\4.4\commons-collections4-4.4.jar;C:\Users\PriyaGandhi\.m2\repository\org\apache\commons\commons-math3\3.6.1\commons-math3-3.6.1.jar;C:\Users\PriyaGandhi\.m2\repository\org\seleniumhq\selenium\selenium-remote-driver\3.141.59\selenium-remote-driver-3.141.59.jar;C:\Users\PriyaGandhi\.m2\repository\org\seleniumhq\selenium\selenium-server\3.141.59\selenium-server-3.141.59.jar;C:\Users\PriyaGandhi\.m2\repository\net\jcip\jcip-annotations\1.0\jcip-annotations-1.0.jar;C:\Users\PriyaGandhi\.m2\repository\org\seleniumhq\selenium\jetty-repacked\9.4.12.v20180830\jetty-repacked-9.4.12.v20180830.jar;C:\Users\PriyaGandhi\.m2\repository\javax\servlet\javax.servlet-api\3.1.0\javax.servlet-api-3.1.0.jar;C:\Users\PriyaGandhi\.m2\repository\org\yaml\snakeyaml\1.19\snakeyaml-1.19.jar;C:\Users\PriyaGandhi\.m2\repository\commons-io\commons-io\2.6\commons-io-2.6.jar;C:\Users\PriyaGandhi\.m2\repository\io\github\bonigarcia\webdrivermanager\5.0.3\webdrivermanager-5.0.3.jar;C:\Users\PriyaGandhi\.m2\repository\org\slf4j\slf4j-api\1.7.32\slf4j-api-1.7.32.jar;C:\Users\PriyaGandhi\.m2\repository\org\jsoup\jsoup\1.14.2\jsoup-1.14.2.jar;C:\Users\PriyaGandhi\.m2\repository\com\github\docker-java\docker-java\3.2.12\docker-java-3.2.12.jar;C:\Users\PriyaGandhi\.m2\repository\com\github\docker-java\docker-java-core\3.2.12\docker-java-core-3.2.12.jar;C:\Users\PriyaGandhi\.m2\repository\com\github\docker-java\docker-java-api\3.2.12\docker-java-api-3.2.12.jar;C:\Users\PriyaGandhi\.m2\repository\com\fasterxml\jackson\core\jackson-annotations\2.10.3\jackson-annotations-2.10.3.jar;C:\Users\PriyaGandhi\.m2\repository\org\apache\commons\commons-compress\1.21\commons-compress-1.21.jar;C:\Users\PriyaGandhi\.m2\repository\commons-lang\commons-lang\2.6\commons-lang-2.6.jar;C:\Users\PriyaGandhi\.m2\repository\com\fasterxml\jackson\core\jackson-databind\2.10.3\jackson-databind-2.10.3.jar;C:\Users\PriyaGandhi\.m2\repository\com\fasterxml\jackson\core\jackson-core\2.10.3\jackson-core-2.10.3.jar;C:\Users\PriyaGandhi\.m2\repository\org\bouncycastle\bcpkix-jdk15on\1.64\bcpkix-jdk15on-1.64.jar;C:\Users\PriyaGandhi\.m2\repository\org\bouncycastle\bcprov-jdk15on\1.64\bcprov-jdk15on-1.64.jar;C:\Users\PriyaGandhi\.m2\repository\org\slf4j\jcl-over-slf4j\1.7.30\jcl-over-slf4j-1.7.30.jar;C:\Users\PriyaGandhi\.m2\repository\com\github\docker-java\docker-java-transport-httpclient5\3.2.12\docker-java-transport-httpclient5-3.2.12.jar;C:\Users\PriyaGandhi\.m2\repository\com\github\docker-java\docker-java-transport\3.2.12\docker-java-transport-3.2.12.jar;C:\Users\PriyaGandhi\.m2\repository\org\apache\httpcomponents\client5\httpclient5\5.0.3\httpclient5-5.0.3.jar;C:\Users\PriyaGandhi\.m2\repository\org\apache\httpcomponents\core5\httpcore5\5.0.2\httpcore5-5.0.2.jar;C:\Users\PriyaGandhi\.m2\repository\net\java\dev\jna\jna\5.8.0\jna-5.8.0.jar;C:\Users\PriyaGandhi\.m2\repository\org\brotli\dec\0.1.2\dec-0.1.2.jar;"/>
    <property name="java.vm.vendor" value="Oracle Corporation"/>
    <property name="sun.arch.data.model" value="64"/>
    <property name="user.variant" value=""/>
    <property name="java.vendor.url" value="https://openjdk.java.net/"/>
    <property name="user.timezone" value="Asia/Calcutta"/>
    <property name="java.vm.specification.version" value="11"/>
    <property name="os.name" value="Windows 10"/>
    <property name="sun.java.launcher" value="SUN_STANDARD"/>
    <property name="user.country" value="US"/>
    <property name="sun.boot.library.path" value="C:\Program Files\Java\jdk-11.0.11\bin"/>
    <property name="sun.java.command" value="C:\Users\PRIYAG~1\AppData\Local\Temp\surefire9208659825585459969\surefirebooter5357504613394546843.jar C:\Users\PriyaGandhi\AppData\Local\Temp\surefire9208659825585459969 2022-01-25T03-42-11_730-jvmRun1 surefire7550303326330054821tmp surefire_07826844700344853235tmp"/>
    <property name="jdk.debug" value="release"/>
    <property name="surefire.test.class.path" value="C:\Users\PriyaGandhi\Desktop\DemoInfostride\target\test-classes;C:\Users\PriyaGandhi\Desktop\DemoInfostride\target\classes;C:\Users\PriyaGandhi\.m2\repository\junit\junit\4.11\junit-4.11.jar;C:\Users\PriyaGandhi\.m2\repository\org\hamcrest\hamcrest-core\1.3\hamcrest-core-1.3.jar;C:\Users\PriyaGandhi\.m2\repository\com\aventstack\extentreports\5.0.5\extentreports-5.0.5.jar;C:\Users\PriyaGandhi\.m2\repository\io\reactivex\rxjava3\rxjava\3.0.4\rxjava-3.0.4.jar;C:\Users\PriyaGandhi\.m2\repository\org\reactivestreams\reactive-streams\1.0.3\reactive-streams-1.0.3.jar;C:\Users\PriyaGandhi\.m2\repository\org\freemarker\freemarker\2.3.30\freemarker-2.3.30.jar;C:\Users\PriyaGandhi\.m2\repository\org\projectlombok\lombok\1.18.12\lombok-1.18.12.jar;C:\Users\PriyaGandhi\.m2\repository\com\google\code\gson\gson\2.8.6\gson-2.8.6.jar;C:\Users\PriyaGandhi\.m2\repository\org\testng\testng\7.4.0\testng-7.4.0.jar;C:\Users\PriyaGandhi\.m2\repository\com\beust\jcommander\1.78\jcommander-1.78.jar;C:\Users\PriyaGandhi\.m2\repository\org\webjars\jquery\3.5.1\jquery-3.5.1.jar;C:\Users\PriyaGandhi\.m2\repository\org\seleniumhq\selenium\selenium-java\3.141.59\selenium-java-3.141.59.jar;C:\Users\PriyaGandhi\.m2\repository\org\seleniumhq\selenium\selenium-api\3.141.59\selenium-api-3.141.59.jar;C:\Users\PriyaGandhi\.m2\repository\org\seleniumhq\selenium\selenium-chrome-driver\3.141.59\selenium-chrome-driver-3.141.59.jar;C:\Users\PriyaGandhi\.m2\repository\org\seleniumhq\selenium\selenium-edge-driver\3.141.59\selenium-edge-driver-3.141.59.jar;C:\Users\PriyaGandhi\.m2\repository\org\seleniumhq\selenium\selenium-firefox-driver\3.141.59\selenium-firefox-driver-3.141.59.jar;C:\Users\PriyaGandhi\.m2\repository\org\seleniumhq\selenium\selenium-ie-driver\3.141.59\selenium-ie-driver-3.141.59.jar;C:\Users\PriyaGandhi\.m2\repository\org\seleniumhq\selenium\selenium-opera-driver\3.141.59\selenium-opera-driver-3.141.59.jar;C:\Users\PriyaGandhi\.m2\repository\org\seleniumhq\selenium\selenium-safari-driver\3.141.59\selenium-safari-driver-3.141.59.jar;C:\Users\PriyaGandhi\.m2\repository\org\seleniumhq\selenium\selenium-support\3.141.59\selenium-support-3.141.59.jar;C:\Users\PriyaGandhi\.m2\repository\net\bytebuddy\byte-buddy\1.8.15\byte-buddy-1.8.15.jar;C:\Users\PriyaGandhi\.m2\repository\org\apache\commons\commons-exec\1.3\commons-exec-1.3.jar;C:\Users\PriyaGandhi\.m2\repository\com\google\guava\guava\25.0-jre\guava-25.0-jre.jar;C:\Users\PriyaGandhi\.m2\repository\com\google\code\findbugs\jsr305\1.3.9\jsr305-1.3.9.jar;C:\Users\PriyaGandhi\.m2\repository\org\checkerframework\checker-compat-qual\2.0.0\checker-compat-qual-2.0.0.jar;C:\Users\PriyaGandhi\.m2\repository\com\google\errorprone\error_prone_annotations\2.1.3\error_prone_annotations-2.1.3.jar;C:\Users\PriyaGandhi\.m2\repository\com\google\j2objc\j2objc-annotations\1.1\j2objc-annotations-1.1.jar;C:\Users\PriyaGandhi\.m2\repository\org\codehaus\mojo\animal-sniffer-annotations\1.14\animal-sniffer-annotations-1.14.jar;C:\Users\PriyaGandhi\.m2\repository\com\squareup\okhttp3\okhttp\3.11.0\okhttp-3.11.0.jar;C:\Users\PriyaGandhi\.m2\repository\com\squareup\okio\okio\1.14.0\okio-1.14.0.jar;C:\Users\PriyaGandhi\.m2\repository\org\apache\poi\poi\4.1.1\poi-4.1.1.jar;C:\Users\PriyaGandhi\.m2\repository\commons-codec\commons-codec\1.13\commons-codec-1.13.jar;C:\Users\PriyaGandhi\.m2\repository\org\apache\commons\commons-collections4\4.4\commons-collections4-4.4.jar;C:\Users\PriyaGandhi\.m2\repository\org\apache\commons\commons-math3\3.6.1\commons-math3-3.6.1.jar;C:\Users\PriyaGandhi\.m2\repository\org\seleniumhq\selenium\selenium-remote-driver\3.141.59\selenium-remote-driver-3.141.59.jar;C:\Users\PriyaGandhi\.m2\repository\org\seleniumhq\selenium\selenium-server\3.141.59\selenium-server-3.141.59.jar;C:\Users\PriyaGandhi\.m2\repository\net\jcip\jcip-annotations\1.0\jcip-annotations-1.0.jar;C:\Users\PriyaGandhi\.m2\repository\org\seleniumhq\selenium\jetty-repacked\9.4.12.v20180830\jetty-repacked-9.4.12.v20180830.jar;C:\Users\PriyaGandhi\.m2\repository\javax\servlet\javax.servlet-api\3.1.0\javax.servlet-api-3.1.0.jar;C:\Users\PriyaGandhi\.m2\repository\org\yaml\snakeyaml\1.19\snakeyaml-1.19.jar;C:\Users\PriyaGandhi\.m2\repository\commons-io\commons-io\2.6\commons-io-2.6.jar;C:\Users\PriyaGandhi\.m2\repository\io\github\bonigarcia\webdrivermanager\5.0.3\webdrivermanager-5.0.3.jar;C:\Users\PriyaGandhi\.m2\repository\org\slf4j\slf4j-api\1.7.32\slf4j-api-1.7.32.jar;C:\Users\PriyaGandhi\.m2\repository\org\jsoup\jsoup\1.14.2\jsoup-1.14.2.jar;C:\Users\PriyaGandhi\.m2\repository\com\github\docker-java\docker-java\3.2.12\docker-java-3.2.12.jar;C:\Users\PriyaGandhi\.m2\repository\com\github\docker-java\docker-java-core\3.2.12\docker-java-core-3.2.12.jar;C:\Users\PriyaGandhi\.m2\repository\com\github\docker-java\docker-java-api\3.2.12\docker-java-api-3.2.12.jar;C:\Users\PriyaGandhi\.m2\repository\com\fasterxml\jackson\core\jackson-annotations\2.10.3\jackson-annotations-2.10.3.jar;C:\Users\PriyaGandhi\.m2\repository\org\apache\commons\commons-compress\1.21\commons-compress-1.21.jar;C:\Users\PriyaGandhi\.m2\repository\commons-lang\commons-lang\2.6\commons-lang-2.6.jar;C:\Users\PriyaGandhi\.m2\repository\com\fasterxml\jackson\core\jackson-databind\2.10.3\jackson-databind-2.10.3.jar;C:\Users\PriyaGandhi\.m2\repository\com\fasterxml\jackson\core\jackson-core\2.10.3\jackson-core-2.10.3.jar;C:\Users\PriyaGandhi\.m2\repository\org\bouncycastle\bcpkix-jdk15on\1.64\bcpkix-jdk15on-1.64.jar;C:\Users\PriyaGandhi\.m2\repository\org\bouncycastle\bcprov-jdk15on\1.64\bcprov-jdk15on-1.64.jar;C:\Users\PriyaGandhi\.m2\repository\org\slf4j\jcl-over-slf4j\1.7.30\jcl-over-slf4j-1.7.30.jar;C:\Users\PriyaGandhi\.m2\repository\com\github\docker-java\docker-java-transport-httpclient5\3.2.12\docker-java-transport-httpclient5-3.2.12.jar;C:\Users\PriyaGandhi\.m2\repository\com\github\docker-java\docker-java-transport\3.2.12\docker-java-transport-3.2.12.jar;C:\Users\PriyaGandhi\.m2\repository\org\apache\httpcomponents\client5\httpclient5\5.0.3\httpclient5-5.0.3.jar;C:\Users\PriyaGandhi\.m2\repository\org\apache\httpcomponents\core5\httpcore5\5.0.2\httpcore5-5.0.2.jar;C:\Users\PriyaGandhi\.m2\repository\net\java\dev\jna\jna\5.8.0\jna-5.8.0.jar;C:\Users\PriyaGandhi\.m2\repository\org\brotli\dec\0.1.2\dec-0.1.2.jar;"/>
    <property name="sun.cpu.endian" value="little"/>
    <property name="user.home" value="C:\Users\PriyaGandhi"/>
    <property name="user.language" value="en"/>
    <property name="java.specification.vendor" value="Oracle Corporation"/>
    <property name="java.version.date" value="2021-04-20"/>
    <property name="java.home" value="C:\Program Files\Java\jdk-11.0.11"/>
    <property name="file.separator" value="\"/>
    <property name="basedir" value="C:\Users\PriyaGandhi\Desktop\DemoInfostride"/>
    <property name="java.vm.compressedOopsMode" value="32-bit"/>
    <property name="line.separator" value="&#10;"/>
    <property name="java.specification.name" value="Java Platform API Specification"/>
    <property name="java.vm.specification.vendor" value="Oracle Corporation"/>
    <property name="java.awt.graphicsenv" value="sun.awt.Win32GraphicsEnvironment"/>
    <property name="surefire.real.class.path" value="C:\Users\PRIYAG~1\AppData\Local\Temp\surefire9208659825585459969\surefirebooter5357504613394546843.jar"/>
    <property name="user.script" value=""/>
    <property name="sun.management.compiler" value="HotSpot 64-Bit Tiered Compilers"/>
    <property name="java.runtime.version" value="11.0.11+9-LTS-194"/>
    <property name="user.name" value="PriyaGandhi"/>
    <property name="path.separator" value=";"/>
    <property name="os.version" value="10.0"/>
    <property name="java.runtime.name" value="Java(TM) SE Runtime Environment"/>
    <property name="file.encoding" value="Cp1252"/>
    <property name="executionBrowser" value=""/>
    <property name="java.vm.name" value="Java HotSpot(TM) 64-Bit Server VM"/>
    <property name="java.vendor.version" value="18.9"/>
    <property name="localRepository" value="C:\Users\PriyaGandhi\.m2\repository"/>
    <property name="java.vendor.url.bug" value="https://bugreport.java.com/bugreport/"/>
    <property name="java.io.tmpdir" value="C:\Users\PRIYAG~1\AppData\Local\Temp\"/>
    <property name="idea.version" value="2021.1.1"/>
    <property name="java.version" value="11.0.11"/>
    <property name="user.dir" value="C:\Users\PriyaGandhi\Desktop\DemoInfostride"/>
    <property name="os.arch" value="amd64"/>
    <property name="java.vm.specification.name" value="Java Virtual Machine Specification"/>
    <property name="java.awt.printerjob" value="sun.awt.windows.WPrinterJob"/>
    <property name="sun.os.patch.level" value=""/>
    <property name="java.library.path" value="C:\Program Files\Java\jdk-11.0.11\bin;C:\WINDOWS\Sun\Java\bin;C:\WINDOWS\system32;C:\WINDOWS;C:\Program Files\Common Files\Oracle\Java\javapath;C:\Program Files (x86)\Common Files\Oracle\Java\javapath;C:\WINDOWS\system32;C:\WINDOWS;C:\WINDOWS\System32\Wbem;C:\WINDOWS\System32\WindowsPowerShell\v1.0\;C:\WINDOWS\System32\OpenSSH\;C:\Stride\opt\apache-maven-3.6.1\bin;C:\Program Files\nodejs\;C:\Program Files (x86)\Microsoft SQL Server\150\DTS\Binn\;C:\Program Files\Microsoft VS Code\bin;C:\Users\PriyaGandhi\AppData\Local\Microsoft\WindowsApps;C:\Users\PriyaGandhi\AppData\Local\Programs\Git\cmd;."/>
    <property name="java.vendor" value="Oracle Corporation"/>
    <property name="java.vm.info" value="mixed mode"/>
    <property name="java.vm.version" value="11.0.11+9-LTS-194"/>
    <property name="sun.io.unicode.encoding" value="UnicodeLittle"/>
    <property name="java.class.version" value="55.0"/>
  </properties>
  <testcase name="LoginThroughExcelData" classname="Test.LoginHRMThroughExcelData" time="10.425"/>
</testsuite>