<?xml version="1.0" encoding="UTF-8"?>
<!-- Generated by org.testng.reporters.JUnitReportReporter -->
<testsuite hostname="MSDT083" failures="0" tests="1" name="Test.LoginHRMThroughExcelData" time="13.329" errors="0" timestamp="2022-01-25T03:42:28 IST" skipped="0">
  <testcase classname="Test.LoginHRMThroughExcelData" name="LoginThroughExcelData" time="13.329"/>
  <system-out/>
</testsuite> <!-- Test.LoginHRMThroughExcelData -->
